[debug] [2018-06-27T20:42:34.722Z] ----------------------------------------------------------------------
[debug] [2018-06-27T20:42:34.725Z] Command:       /usr/bin/node /usr/bin/firebase deploy
[debug] [2018-06-27T20:42:34.726Z] CLI Version:   3.16.0
[debug] [2018-06-27T20:42:34.726Z] Platform:      linux
[debug] [2018-06-27T20:42:34.726Z] Node Version:  v8.11.1
[debug] [2018-06-27T20:42:34.726Z] Time:          Wed Jun 27 2018 15:42:34 GMT-0500 (-05)
[debug] [2018-06-27T20:42:34.726Z] ----------------------------------------------------------------------
[debug] 
[debug] [2018-06-27T20:42:34.739Z] > command requires scopes: ["email","openid","https://www.googleapis.com/auth/cloudplatformprojects.readonly","https://www.googleapis.com/auth/firebase","https://www.googleapis.com/auth/cloud-platform"]
[debug] [2018-06-27T20:42:34.740Z] > authorizing via signed-in user
[debug] [2018-06-27T20:42:34.742Z] >>> HTTP REQUEST GET https://admin.firebase.com/v1/projects/develop-univalle  
  
 Wed Jun 27 2018 15:42:34 GMT-0500 (-05)
[debug] [2018-06-27T20:42:35.778Z] <<< HTTP RESPONSE 200
[debug] [2018-06-27T20:42:35.780Z] >>> HTTP REQUEST GET https://admin.firebase.com/v1/database/develop-univalle/tokens  
  
 Wed Jun 27 2018 15:42:35 GMT-0500 (-05)
[debug] [2018-06-27T20:42:36.582Z] <<< HTTP RESPONSE 200
[info] 
[info] === Deploying to 'develop-univalle'...
[info] 
[info] i  deploying database, storage, firestore, functions, hosting
[info] i  functions: running predeploy script.
[debug] [2018-06-27T20:42:38.263Z] TypeError: "file" argument must be a non-empty string
    at normalizeSpawnArguments (child_process.js:383:11)
    at Object.exports.spawn (child_process.js:496:38)
    at /usr/lib/node_modules/firebase-tools/lib/deploy/lifecycleHooks.js:21:27
    at initializePromise (/usr/lib/node_modules/firebase-tools/node_modules/rsvp/dist/rsvp.js:567:5)
    at new Promise (/usr/lib/node_modules/firebase-tools/node_modules/rsvp/dist/rsvp.js:1039:33)
    at /usr/lib/node_modules/firebase-tools/lib/deploy/lifecycleHooks.js:20:12
    at _chain (/usr/lib/node_modules/firebase-tools/lib/deploy/index.js:23:45)
    at /usr/lib/node_modules/firebase-tools/lib/deploy/index.js:26:14
    at tryCatch (/usr/lib/node_modules/firebase-tools/node_modules/rsvp/dist/rsvp.js:525:12)
    at invokeCallback (/usr/lib/node_modules/firebase-tools/node_modules/rsvp/dist/rsvp.js:538:13)
[error] 
[error] Error: An unexpected error has occurred.
[debug] [2018-06-27T20:42:50.465Z] ----------------------------------------------------------------------
[debug] [2018-06-27T20:42:50.468Z] Command:       /usr/bin/node /usr/bin/firebase deploy
[debug] [2018-06-27T20:42:50.469Z] CLI Version:   3.16.0
[debug] [2018-06-27T20:42:50.469Z] Platform:      linux
[debug] [2018-06-27T20:42:50.469Z] Node Version:  v8.11.1
[debug] [2018-06-27T20:42:50.469Z] Time:          Wed Jun 27 2018 15:42:50 GMT-0500 (-05)
[debug] [2018-06-27T20:42:50.469Z] ----------------------------------------------------------------------
[debug] 
[debug] [2018-06-27T20:42:50.482Z] > command requires scopes: ["email","openid","https://www.googleapis.com/auth/cloudplatformprojects.readonly","https://www.googleapis.com/auth/firebase","https://www.googleapis.com/auth/cloud-platform"]
[debug] [2018-06-27T20:42:50.482Z] > authorizing via signed-in user
[debug] [2018-06-27T20:42:50.485Z] >>> HTTP REQUEST GET https://admin.firebase.com/v1/projects/develop-univalle  
  
 Wed Jun 27 2018 15:42:50 GMT-0500 (-05)
[debug] [2018-06-27T20:42:51.406Z] <<< HTTP RESPONSE 200
[debug] [2018-06-27T20:42:51.408Z] >>> HTTP REQUEST GET https://admin.firebase.com/v1/database/develop-univalle/tokens  
  
 Wed Jun 27 2018 15:42:51 GMT-0500 (-05)
[debug] [2018-06-27T20:42:52.136Z] <<< HTTP RESPONSE 200
[info] 
[info] === Deploying to 'develop-univalle'...
[info] 
[info] i  deploying database, storage, firestore, functions, hosting
[info] i  functions: running predeploy script.
[debug] [2018-06-27T20:42:53.335Z] TypeError: "file" argument must be a non-empty string
    at normalizeSpawnArguments (child_process.js:383:11)
    at Object.exports.spawn (child_process.js:496:38)
    at /usr/lib/node_modules/firebase-tools/lib/deploy/lifecycleHooks.js:21:27
    at initializePromise (/usr/lib/node_modules/firebase-tools/node_modules/rsvp/dist/rsvp.js:567:5)
    at new Promise (/usr/lib/node_modules/firebase-tools/node_modules/rsvp/dist/rsvp.js:1039:33)
    at /usr/lib/node_modules/firebase-tools/lib/deploy/lifecycleHooks.js:20:12
    at _chain (/usr/lib/node_modules/firebase-tools/lib/deploy/index.js:23:45)
    at /usr/lib/node_modules/firebase-tools/lib/deploy/index.js:26:14
    at tryCatch (/usr/lib/node_modules/firebase-tools/node_modules/rsvp/dist/rsvp.js:525:12)
    at invokeCallback (/usr/lib/node_modules/firebase-tools/node_modules/rsvp/dist/rsvp.js:538:13)
[error] 
[error] Error: An unexpected error has occurred.
